Could not open input file: /www/wwwroot/PhilSwooleBot/public/index.php
[2020-03-05 00:42:40 *5546.15]	WARNING	swSignalfd_onSignal (ERRNO 707): Unable to find callback function for signal Hangup: 1
[2020-03-05 00:42:40 *5544.13]	WARNING	swSignalfd_onSignal (ERRNO 707): Unable to find callback function for signal Hangup: 1
[2020-03-05 00:42:40 *5545.14]	WARNING	swSignalfd_onSignal (ERRNO 707): Unable to find callback function for signal Hangup: 1
[2020-03-05 00:42:40 *5539.8]	WARNING	swSignalfd_onSignal (ERRNO 707): Unable to find callback function for signal Hangup: 1
[2020-03-05 00:42:40 *5538.7]	WARNING	swSignalfd_onSignal (ERRNO 707): Unable to find callback function for signal Hangup: 1
[2020-03-05 00:42:40 *5540.9]	WARNING	swSignalfd_onSignal (ERRNO 707): Unable to find callback function for signal Hangup: 1
[2020-03-05 00:42:40 *5536.5]	WARNING	swSignalfd_onSignal (ERRNO 707): Unable to find callback function for signal Hangup: 1
[2020-03-05 00:42:40 *5541.10]	WARNING	swSignalfd_onSignal (ERRNO 707): Unable to find callback function for signal Hangup: 1
[2020-03-05 00:42:40 *5531.0]	WARNING	swSignalfd_onSignal (ERRNO 707): Unable to find callback function for signal Hangup: 1
[2020-03-05 00:42:40 *5533.2]	WARNING	swSignalfd_onSignal (ERRNO 707): Unable to find callback function for signal Hangup: 1
[2020-03-05 00:42:40 *5535.4]	WARNING	swSignalfd_onSignal (ERRNO 707): Unable to find callback function for signal Hangup: 1
[2020-03-05 00:42:40 *5537.6]	WARNING	swSignalfd_onSignal (ERRNO 707): Unable to find callback function for signal Hangup: 1
[2020-03-05 00:42:40 *5532.1]	WARNING	swSignalfd_onSignal (ERRNO 707): Unable to find callback function for signal Hangup: 1
[2020-03-05 00:42:40 $5522.0]	WARNING	swSignal_callback (ERRNO 707): Unable to find callback function for signal Hangup: 1
[2020-03-05 00:42:40 *5534.3]	WARNING	swSignalfd_onSignal (ERRNO 707): Unable to find callback function for signal Hangup: 1
[2020-03-05 00:42:40 #5521.8]	WARNING	swSignalfd_onSignal (ERRNO 707): Unable to find callback function for signal Hangup: 1
[2020-03-05 00:42:40 *5543.12]	WARNING	swSignalfd_onSignal (ERRNO 707): Unable to find callback function for signal Hangup: 1
[2020-03-05 00:42:40 *5542.11]	WARNING	swSignalfd_onSignal (ERRNO 707): Unable to find callback function for signal Hangup: 1
[2020-03-12 18:34:45 #5521.8]	INFO	Server is shutdown now
